# AMD FX OpenCore 0.5.7
# Generic config suitable for initial installation
=# OpenCore v0.5.7 AMD FX Sanity Check
=https://dortania.github.io/OpenCore-Install-Guide/AMD/fx.html
=<hr>
=[kernel]:https://dortania.github.io/OpenCore-Install-Guide/AMD/fx.html#kernel
=[acpi]:https://dortania.github.io/OpenCore-Install-Guide/AMD/fx.html#acpi
=[kexts]:https://dortania.github.io/OpenCore-Install-Guide/ktext.html#kexts
=[debug]:https://dortania.github.io/OpenCore-Install-Guide/troubleshooting/debug.html
=[scanpolicy]:https://dortania.github.io/OpenCore-Install-Guide/post-install/security.html#scanpolicy
=[platforminfo]:https://dortania.github.io/OpenCore-Install-Guide/AMD/fx.html#platforminfo

ACPI
:Add
 count==0 "-You have no SSDT Patches. Please review the [ACPI Docs][acpi]"
 [Path]==DSDT.aml "-**{$Path}** You should not be including your dumped DSDT. Please review the [ACPI Docs][acpi]."
 [Path]==SSDT-1.aml "-**{$Path}** This is just an example SSDT. If you really made this yourself, call it something more descriptive"
 [Path]~=".dsl$" "!**{$Path}** Only include .aml files here. dsl files need to be compiled to .aml"
 [Enabled]==no "-**{$Path}** is **disabled**. Either enable it or remove it to get rid of this warning"
 [Path]==SSDT-EC-USBX-AMD.aml&SSDT-EC.aml "-**{$Path}** don't use both **SSDT-EC-USBX-AMD** and **SSDT-EC**"
 [Path]~=-EC.+aml :"%You might need something like SSDT-EC.aml or SSDT-EC-USBX-AMD.aml. See the [ACPI Docs][acpi]"
 [Path]~=AWAC.+aml "-**{$Path}** is not needed on AMD"
 [Path]~=RTC0.+aml "-**{$Path}** is not needed on AMD"
 [Path]~=ALS0.+aml "-**{$Path}** is not needed on AMD"
 [Path]==SSDT-PMC.aml "-**{$Path}** is not needed on AMD"
 [Path]==SSDT-PNLF.aml "-**{$Path}** is not needed on AMD"
 [Path]==SSDT-SBUS-MCHC.aml "-**{$Path}** is not needed on AMD"
 [Path]==* " **{$Path}** Make sure this file is in your OC/ACPI directory"

:Quirks
 count==5
 FadtEnableReset=no
 NormalizeHeaders=no
 RebaseRegions=no
 ResetHwSig=no
 ResetLogoStatus=no

:Patch
 count>15 "!You may have added the kernel patches in the wrong section. They should be in the Kernel section. Please review the [Kernel Docs][kernel]"

Booter

:Quirks
 AvoidRuntimeDefrag=yes
 DevirtualiseMmio=no
 DisableSingleUser=no
 DisableVariableWrite=no
 DiscardHibernateMap=no
 EnableSafeModeSlide=yes
 EnableWriteUnprotector=yes
 ForceExitBootServices=no
 ProtectCsmRegion~=.* "!**{$setting}** was deprecated in OpenCore v0.5.7 - See **ProtectMemoryRegions** instead"
 ProtectMemoryRegions=no
 ProtectSecureBoot=no
 ProtectUefiServices=no
 ProvideCustomSlide=yes
 RebuildAppleMemoryMap=yes
 SetupVirtualMap=yes
 ShrinkMemoryMap~=.* "!**{$setting}** was deprecated in OpenCore v0.5.7 - See **RebuildAppleMemoryMap** instead"
 SignalAppleOS=no
 SyncRuntimePermissions=no

DeviceProperties

Kernel

:Add
 count==0 "!You have no Kexts. You definitely need at least Lilu.kext and VirtualSMC.kext. Please review the [Kexts Docs][kexts]"
 [BundlePath]==Lilu.kext " **Lilu.kext** make sure this Kext is in your **OC/Kexts** directory and the first kext listed here":"!**Lilu.kext** is missing. Add it to the top of this list"
 [BundlePath]==FakeSMC.kext&VirtualSMC.kext "-**{$BundlePath}** don't use both **FakeSMC.kext** and **VirtualSMC.kext**"
 [BundlePath]!=FakeSMC.kext|VirtualSMC.kext "-you should have either **FakeSMC.kext** or **VirtualSMC.kext** here"
 [BundlePath]==VoodooHDA.kext&AppleALC.kext "-**{$BundlePath}** don't use both **VoodooHDA.kext** and **AppleALC.kext**"
 [BundlePath]==AppleALC.kext "$alcbootarg='-**{$setting}** = **{$value}** You need to add **alcid=**<_layout_\> here since you are using AppleALC.kext';":"$alcbootarg=;"
 [BundlePath]==SMCProcessor.kext       "!**{$BundlePath}** VirtualSMC plugins don't work on AMD"
 [BundlePath]==SMCSuperIO.kext         "!**{$BundlePath}** VirtualSMC plugins don't work on AMD"
 [BundlePath]==SMCLightSensor.kext     "!**{$BundlePath}** VirtualSMC plugins don't work on AMD"
 [BundlePath]==SMCBatteryManager.kext  "!**{$BundlePath}** VirtualSMC plugins don't work on AMD"
 [BundlePath]==IntelMausiEthernet.kext "-**{$BundlePath}** this is probably not the right ethernet kext for an AMD system"
 [BundlePath]==IntelMausi.kext "-**{$BundlePath}** this is probably not the right ethernet kext for an AMD system"
 [BundlePath]==AppleIGB.kext "-**{$BundlePath}** this is probably not the right ethernet kext for an AMD system"
 [BundlePath]==SmallTree-Intel-211-AT-PCIe-GBE.kext "-**{$BundlePath}** while this might work, **SmallTreeIntel82576.kext** is considered more reliable"
 [BundlePath]==NullCPUPowerManagement.kext "!**{$BundlePath}** set the **DummyPowerManagement** quirk instead of using this kext"
 [BundlePath]==USBInjectAll.kext "!**{$BundlePath}** Does not work on AMD"
 [BundlePath]==Legacy_USB3.kext "!**{$BundlePath}** shouldn't be here"
 [BundlePath]!=WhateverGreen.kext "-**WhateverGreen.kext** is missing. Please review the [Kexts Docs][kexts]"
 [BundlePath]==* " **{$BundlePath}** make sure this Kext is in your **OC/Kexts** directory"

:Patch
 count<20 "!**{$count}** patches found - Did you apply the kernel patches correctly? Please review the [Kernel Docs][kernel]"
 count>19 " AMD kernel patches"
 [MatchOS]~=.+ "!You have used Clover patches, not OpenCore"
 [Replace]~=\xbb\xbc\x4f\xea\x78\xe9\x5d\x00\x00\x00\x90 " Catalina 10.15.4 CPUFAMILY_INTEL_PENRYN patch found":"-Catalina 10.15.4 CPUFAMILY_INTEL_PENRYN patch is missing or incorrect"

:Quirks
 AppleCpuPmCfgLock=no
 AppleXcpmCfgLock=no
 AppleXcpmExtraMsrs=no
 AppleXcpmForceBoost=no
 CustomSMBIOSGuid=no
 DisableIoMapper=no
 DisableRtcChecksum~=.* "!**{$setting}** is for OpenCore v0.5.8"
 DummyPowerManagement=yes
 ExternalDiskIcons=no
 IncreasePciBarSize=no
 LapicKernelPanic~=.* " **{$setting}** = **{$value}**"
 PanicNoKextDump=yes
 PowerTimeoutKernelPanic=yes
 ThirdPartyDrives=no
 XhciPortLimit=yes " **{$setting}** = **{$value}** turn off after USB port mapping":" **{$setting}** = **{$value}** enable if you have USB issues"

Misc
:Boot
 BuiltinTextRenderer~=.* "!**{$setting}** was deprecated in OpenCore v0.5.6 - See UEFI/TextRenderer"
 ConsoleBehaviourOs~=.* "!**{$setting}** was deprecated in OpenCore v0.5.6"
 ConsoleBehaviourUi~="" "!**{$setting}** was deprecated in OpenCore v0.5.6"
 ConsoleMode~=.* "!**{$setting}** has been moved to UEFI/Output section as of OpenCore v0.5.6"
 Resolution~=.* "!**{$setting}** has been moved to UEFI/Output section as of OpenCore v0.5.6"
 ConsoleAttributes~=.* " **{$setting}** = **{$value}**"
 HideSelf=yes
 PollAppleHotKeys=no
 ShowPicker=yes
 UsePicker~=.* "!**{$setting}** was deprecated in OpenCore v0.5.6"
 TakeoffDelay=0
 HibernateMode=None
 PickerMode=Builtin
 HideAuxiliary=no
 PickerAttributes~=.* " **{$setting}** = **{$value}**"
 PickerAudioAssist=no
 Timeout=5

:Debug
 AppleDebug=no
 DisableWatchDog=yes :" **{$setting}** enabling this will help debugging"
 Target=67 :" **{$setting}** see the [Debugging Docs][debug] for more info on debug target numbers"
 DisplayLevel=2147483714 :" **{$setting}** see [Debugging Docs][debug] for more info debug display levels"
 DisplayDelay=0

:Entries
 [Arguments]~=debug "!**Arguments** = **{$Arguments}** boot-args go in the nvram section, not here"

:Security
 AllowNvramReset=yes
 AllowSetDefault=yes
 AuthRestart=no
 RequireSignature~=.* "!**{$setting}** was deprecated in OpenCore v0.5.6 - See **Vault**"
 RequireVault~=.* "!**{$setting}** was deprecated in OpenCore v0.5.6 - See **Vault**"
 Vault=Optional
 HaltLevel=2147483648
 ExposeSensitiveData=6 :" **{$setting}** = **{$value}**"
 ScanPolicy=0 :"-**{$setting}** = **{$value}**. Initially you want 0 here, but once you are up and running check [Scanpolicy Docs][scanpolicy] for why you should change this"

:Tools
 count==0 " You removed the tool EFIs":"%You can remove the tool EFIs here"

NVRAM
 LegacyEnable=no
 LegacyOverwrite=no
 WriteFlash=yes

:Add
::4D1EDE05-38C7-4A6A-9CC6-4BCCA8B38C14
 UIScale~=(01|02) " **{$setting}** = **{$value}**":" **{$setting}** = **{$value}** but it is usally set to **01** or **02**"
 DefaultBackgroundColor~=.* " **{$setting}** = **{$value}**"

::7C436110-AB2A-4BBB-A880-FE41995C9F82
 boot-args~="ncpi=" "!**{$setting}** = **{$value}** I think you mean **npci=** there not **ncpi=**":""
 boot-args~="^(?:(?!alcid).)*$" "{$alcbootarg}":""
 boot-args="-v keepsyms=1" " **{$setting}** = **{$value}** If you have a navi10 GPU add **agdpmod=pikera**":" **{$setting}** = **{$value}**"
 csr-active-config~=.* " **{$setting}** = **{$value}**"
 nvda_drv~=.* "!**{$setting}** = **{$value}** Remove this setting completely. It is no longer used as of OpenCore v0.5.7"
 prev-lang:kbd=72752d52553a323532 "-**{$setting}** = **{$value} ({@value})**. Unless you speak Russian, leave this blank":" **{$setting}** = **{$value} ({@value})**"
 SystemAudioVolume~="^\d+$" " **{$setting}** = **{$value}**":"!**{$setting}** = **{$value}** this should be a positive number"

PlatformInfo
 Automatic=yes
 UpdateDataHub=yes
 UpdateNVRAM=yes
 UpdateSMBIOS=yes
 UpdateSMBIOSMode=Create

:Generic
 SpoofVendor=yes
 AdviseWindows=no
 SupportsCsm~=.* "!**{$setting}** was replaced with **AdviseWindows** in OpenCore v0.5.5"
 SystemProductName~="(iMacPro1,1|MacPro7,1|MacPro6,1|iMac14,2)" " **{$setting}** = **{$value}**":"-**{$setting}** = **{$value}** this is not a suggested SMBIOS for AMD systems. See [PlatformInfo Docs][platforminfo]"
 MLB~="(M000000000001|M0000000000000001)" "!**{$setting}** should be set to your generated board serial. See [PlatformInfo Docs][platforminfo]":" **{$setting}** is set"
 ROM~="(112233000000|112233445566)" "-**{$setting}** = **{$value}** You should set this to your NIC MAC address. See [PlatformInfo Docs][platforminfo]":" **{$setting}** is set"
 SystemSerialNumber=W0000000001 "!**{$setting}** should be set to your generated system serial number. See the [PlaformInfo Docs][platforminfo]":" **{$setting}** is set"
 SystemUUID=00000000-0000-0000-0000-000000000000 "!**{$setting}** should be set to your generated SmUUID. See the [PlaformInfo Docs][platforminfo]":" **{$setting}** is set"

UEFI
 ConnectDrivers=yes
 Drivers==VBoxHfs.efi|HFSPlus.efi|HfsPlus.efi "$hfs={$value}; **{$value}**":"!Need either **VBoxHfs.efi** or **HFSPlus.efi** here"
 Drivers==VBoxHfs.efi|HFSPlus.efi|HfsPlus.efi "!**{$value}** you already have **{$hfs}**"
 Drivers==OpenRuntime.efi " **{$value}**":"!**OpenRuntime.efi** is missing"
 Drivers==FwRuntimeServices.efi "!**{$value}** has been replaced by OpenRuntime.efi as of OpenCore v0.5.7"
 Drivers==ApfsDriverLoader.efi " **{$value}**":"!**ApfsDriverLoader.efi** is missing"
 Drivers==OpenCore.efi "!**OpenCore.efi** should not be here!"
 Drivers==AppleUsbKbdxe.efi "!**AppleUsbKbdxe.efi** should not be here unless running legacy!"
 Drivers==NvmExpressDxe.efi "!**NvmExpressDxe.efi** should not be here!"
 Drivers==XhciDxe.efi "!**XhciDxe.efi** should not be here!"
 Drivers==AppleUsbKbDxe.efi "-**AppleUsbKbDxe.efi** Unless you are doing a legacy install, you don't need this"
 Drivers==VirtualSmc.efi "!**VirtualSmc.efi** was merged into OpenCore under the quirk **AppleSmcIo**!"
 Drivers==HiiDatabase.efi "!**{$value}** should not be here!"
 Drivers==~^#.* "!**{$value}** remove the **#** if you want this to load otherwise remove entirely"
 Drivers==* " **{$value}**"

:Audio
 AudioSupport~=.* " **{$setting}** = **{$value}**"
 AudioDevice~=.* " **{$setting}** = **{$value}**"
 AudioCodec~=.* " **{$setting}** = **{$value}**"
 AudioOut~=.* " **{$setting}** = **{$value}**"
 MinimumVolume~=.* " **{$setting}** = **{$value}**"
 PlayChime~=.* " **{$setting}** = **{$value}**"
 VolumeAmplifier~=.* " **{$setting}** = **{$value}**"

:Input
 KeyFiltering=no
 KeyForgetThreshold=5
 KeyMergeThreshold=2
 KeySupport=yes
 KeySupportMode=Auto
 KeySwap=no
 PointerSupport=no
 PointerSupportMode=""
 TimerResolution=50000

:Protocols
 count==14 :"!You should have exactly 15 settings in the UEFI/Protocols section"
 AppleAudio=no
 AppleBootPolicy=no
 AppleDebugLog=no
 AppleEvent=no
 AppleImageConversion=no
 AppleKeyMap=no
 AppleSmcIo=no
 DataHub=no
 DeviceProperties=no
 ConsoleControl~=.* "!**{$setting}** was deprecated in OpenCore v0.5.6 - See UEFI/TextRenderer"
 FirmwareVolume=no
 HashServices=no
 OSInfo=no
 UnicodeCollation=no

:Output
 count==11 :"!You should have exactly 11 settings in the UEFI/Output section"
 TextRenderer=BuiltinGraphics
 ConsoleMode=""
 Resolution~=.* " **{$setting}** = **{$value}**"
 ClearScreenOnModeSwitch=no
 IgnoreTextInGraphics=no
 ProvideConsoleGop=yes
 DirectGopRendering=no
 DirectGopCacheMode=""
 ReconnectOnResChange=no
 ReplaceTabWithSpace=no
 SanitiseClearScreen~=.* " **{$setting}** = **{$value}**"
 Scale~=.* "!**{$setting}** shouldn't be here"

:Quirks
 AvoidHighAlloc~=.* "!**{$setting}** was deprecated in OpenCore v0.5.6"
 ExitBootServicesDelay=0
 IgnoreInvalidFlexRatio=no
 ReconnectOnResChange~=.* "!**{$setting}** was deprecated in OpenCore v0.5.6 - See Output/${setting}"
 IgnoreTextInGraphics~=.* "!**{$setting}** was deprecated in OpenCore v0.5.6 - See Output/${setting}"
 ProvideConsoleGop~=.* "!**{$setting}** was deprecated in OpenCore v0.5.6 - See Output/${setting}"
 ReleaseUsbOwnership=no
 RequestBootVarFallback=yes
 RequestBootVarRouting=yes
 ReplaceTabWithSpace~=.* "!**{$setting}** was deprecated in OpenCore v0.5.6 - See Output/${setting}"
 SanitiseClearScreen~=.* "!**{$setting}** was deprecated in OpenCore v0.5.6 - See Output/${setting}"
 ClearScreenOnModeSwitch~=.* "!**{$setting}** was deprecated in OpenCore v0.5.6 - See Output/${setting}"
 UnblockFsConnect=no
