# Haswell OC 0.5.5
# Generic config suitable for initial installation
=# OpenCore 0.5.5 Intel Haswell Sanity Check
=https://khronokernel-2.gitbook.io/opencore-vanilla-desktop-guide/intel-config.plist/haswell
=<hr>
=[kernel]:https://khronokernel-2.gitbook.io/opencore-vanilla-desktop-guide/intel-config.plist/haswell#kernel
=[acpi]:https://khronokernel-2.gitbook.io/opencore-vanilla-desktop-guide/intel-config.plist/haswell#acpi
=[kexts]:https://khronokernel-2.gitbook.io/opencore-vanilla-desktop-guide/ktext#kexts
=[debug]:https://khronokernel-2.gitbook.io/opencore-vanilla-desktop-guide/troubleshooting/debug
=[scanpolicy]:https://khronokernel-2.gitbook.io/opencore-vanilla-desktop-guide/post-install/security#scan-policy
=[platforminfo]:https://khronokernel-2.gitbook.io/opencore-vanilla-desktop-guide/intel-config.plist/haswell#platforminfo
=[deviceproperties]:https://khronokernel-2.gitbook.io/opencore-vanilla-desktop-guide/intel-config.plist/haswell#deviceproperties

ACPI
:Add
 count==0 "-You have no SSDT Patches. Please review the [ACPI Docs][acpi]"
 [Path]==DSDT.aml "-**{$Path}** You should not be including your dumped DSDT. Please review the [ACPI Docs][acpi]."
 [Path]~=".dsl$" "!**{$Path}** Only include .aml files here. dsl files need to be compiled to .aml"
 [Enabled]==no "-**{$Path}** is **disabled**. Either enable it or remove it to get rid of this warning"
 [Path]!=SSDT-PLUG.aml "-**SSDT-PLUG.aml** is missing. See the [ACPI Docs][acpi]"
 [Path]!=SSDT-EC.aml "-**SSDT-EC.aml** is missing. See the [ACPI Docs][acpi]"
 [Path]!=SSDT-EHCx_OFF.aml "-**SSDT-EHCx_OFF.aml** is missing. See the [ACPI Docs][acpi]"
 [Path]==* " **{$Path}** Make sure this file is in your OC/ACPI directory"

:Quirks
 count==5
 FadtEnableReset=no
 NormalizeHeaders=no
 RebaseRegions=no
 ResetHwSig=no
 ResetLogoStatus=no

Booter

:Quirks
 AvoidRuntimeDefrag=yes
 DevirtualiseMmio=no
 DisableSingleUser=no
 DisableVariableWrite=no
 DiscardHibernateMap=no
 EnableSafeModeSlide=yes
 EnableWriteUnprotector=yes
 ForceExitBootServices=no
 ProtectCsmRegion=no
 ProvideCustomSlide=yes
 SetupVirtualMap=yes
 ShrinkMemoryMap=no
 SignalAppleOS=no

DeviceProperties

:Add
::PciRoot(0x0)/Pci(0x2,0x0)
 AAPL,ig-platform-id~="0000060c|0000160c|0000260c|00000604|00001604|00002604|0000260d|0000160a|0000260a|0500260a|0600260a|08002e0a|0c00160a|0700260d|0300220d|0a002e0a|0a00260a|0d002e0a|0d00260a|04001204|0b001204|0900260d|0e00260d|0f00260d" " **{$setting}** = **{$value}** iGPU set correctly":"-**{$setting}** = **{$value}** - iGPU may not be set correctly. Please read the [DeviceProperties Docs][deviceproperties]"

Kernel

:Add
 count==0 "!You have no Kexts. You definitely need at least Lilu.kext and VirtualSMC.kext. Please review the [Kexts Docs][kexts]"
 [BundlePath]==Lilu.kext " **Lilu.kext** make sure this Kext is in your **OC/Kexts** directory and the first kext listed here":"!**Lilu.kext** is missing. Add it to the top of this list"
 [BundlePath]==FakeSMC.kext&VirtualSMC.kext "-**{$BundlePath}** don't use both **FakeSMC.kext** and **VirtualSMC.kext**"
 [BundlePath]!=FakeSMC.kext|VirtualSMC.kext "-you should have either **FakeSMC.kext** or **VirtualSMC.kext** here"
 [BundlePath]==VoodooHDA.kext&AppleALC.kext "-**{$BundlePath}** don't use both **VoodooHDA.kext** and **AppleALC.kext**"
 [BundlePath]==AppleALC.kext "$alcbootarg='-**{$setting}** = **{$value}** You need to add **alcid=**<_layout_\> here since you are using AppleALC.kext';":"$alcbootarg=;"
 [BundlePath]!=WhateverGreen.kext "-**WhateverGreen.kext** is missing. Please review the [Kexts Docs][kexts]"
 [BundlePath]==XLNCUSBFIX.kext "!**XLNCUSBFIX.kext** this is an AMD-specific kext, don't use on Intel"
 [BundlePath]==SmallTree-Intel-211-AT-PCIe-GBE.kext "-**{$BundlePath}** while this might work, **SmallTreeIntel82576.kext** is considered more reliable"
 [BundlePath]==SMCLightSensor.kext     "!**{$BundlePath}** VirtualSMC laptop plugins don't work on Desktop"
 [BundlePath]==SMCBatteryManager.kext  "!**{$BundlePath}** VirtualSMC laptop plugins don't work on Desktop"
 [BundlePath]==* " **{$BundlePath}** make sure this Kext is in your **OC/Kexts** directory"

:Quirks
 AppleCpuPmCfgLock=yes
 AppleXcpmCfgLock=yes
 AppleXcpmExtraMsrs=no
 AppleXcpmForceBoost=no
 CustomSMBIOSGuid=no
 DisableIoMapper=yes
 DummyPowerManagement=no
 ExternalDiskIcons=no
 IncreasePciBarSize=no
 LapicKernelPanic=no
 PanicNoKextDump=yes
 PowerTimeoutKernelPanic=yes
 ThirdPartyDrives=no
 XhciPortLimit=yes " **{$setting}** = **{$value}** turn off after USB port mapping":" **{$setting}** = **{$value}** enable if you have USB issues"

Misc
:Boot
 HideSelf=yes
 PollAppleHotKeys=no
 ShowPicker=yes
 TakeoffDelay=0
 UsePicker=yes
 HibernateMode=None
 Timeout=5

:Debug
 DisableWatchDog=yes :" **{$setting}** enabling this will help debugging"
 Target=67 :" **{$setting}** see [Debug Docs][debug] for more info on debug target numbers"
 DisplayLevel=2147483714 :" **{$setting}** see [Debug Docs][debug] for more info debug display levels"

:Security
 AllowNvramReset=yes
 AllowSetDefault=yes
 AuthRestart=no
 RequireSignature=no 
 RequireVault=no
 ExposeSensitiveData=6 :" **{$setting}** = **{$value}**"
 ScanPolicy=0 :"-**{$setting}** = **{$value}**. Initially you want 0 here, but once you are up and running check [Scanpolicy Docs][scanpolicy] for why you should change this"

:Tools
 count==0 " You removed the tool EFIs":"%You can remove the tool EFIs here"

NVRAM
 LegacyEnable=no
 LegacyOverwrite=no
 WriteFlash=yes

:Add
::4D1EDE05-38C7-4A6A-9CC6-4BCCA8B38C14
 UIScale~=(01|02) " **{$setting}** = **{$value}**":" **{$setting}** = **{$value}** but it is usally set to **01** or **02**"

::7C436110-AB2A-4BBB-A880-FE41995C9F82
 boot-args~="^(?:(?!alcid).)*$" "{$alcbootarg}":""
 boot-args="-v keepsyms=1" " **{$setting}** = **{$value}** If you have a navi10 GPU add **agdpmod=pikera**":" **{$setting}** = **{$value}**"
 csr-active-config=00000000 " **{$setting}** = **{$value}**":" **{$setting}** = **{$value}**"
 nvda_drv="" " **{$setting}** set to **1** if you have a supported nvidia card":" **{$setting}** normally **_-blank-_** unless you have a supported nvidia card"
 prev-lang:kbd=72752d52553a323532 "!**{$setting}** = **{$value} ({@value})**. Unless you speak Russian, leave this blank":" **{$setting}** = **{$value} ({@value})**"

PlatformInfo
 Automatic=yes
 UpdateDataHub=yes
 UpdateNVRAM=yes
 UpdateSMBIOS=yes
 UpdateSMBIOSMode=Create

:Generic
 SpoofVendor=yes
 AdviseWindows=no
 SystemProductName~=(^$)|(MacPro5,1) "!**{$setting}** You need to set this. See [PlatformInfo Docs][platforminfo]":" **{$setting}** = **{$value}**"
 MLB=M000000000001 "!**{$setting}** should be set to your generated board serial. See [PlatformInfo Docs][platforminfo]":" **{$setting}** is set"
 ROM=112233000000 "!**{$setting}** = **{$value}** You should set this to your NIC MAC address. See [PlatformInfo Docs][platforminfo]":" **{$setting}** is set"
 SystemSerialNumber=W0000000001 "!**{$setting}** should be set to your generated system serial number. See [PlatformInfo Docs][platforminfo]":" **{$setting}** is set"
 SystemUUID=00000000-0000-0000-0000-000000000000 "!**{$setting}** should be set to your generated SmUUID. See [PlatformInfo Docs][platforminfo]":" **{$setting}** is set"

UEFI
 ConnectDrivers=yes
 Drivers==HfsPlus.efi "-**{$value}** Check the filename in your Drivers/ directory. Normally this is called **HFSPlus.efi**":""
 Drivers==VBoxHfs.efi|HFSPlus.efi " **{$value}**":"!Need either **VBoxHfs.efi** or **HFSPlus.efi** here"
 Drivers==FwRuntimeServices.efi " **{$value}**":"!**FwRuntimeServices.efi** is missing"
 Drivers==ApfsDriverLoader.efi " **{$value}**":"!**ApfsDriverLoader.efi** is missing"
 Drivers==OpenCore.efi "!**OpenCore.efi** should not be here!"
 Drivers==AppleUsbKbdxe.efi "!**AppleUsbKbdxe.efi** should not be here!"
 Drivers==NvmExpressDxe.efi "!**NvmExpressDxe.efi** should not be here!"
 Drivers==XhciDxe.efi "!**XhciDxe.efi** should not be here!"
 Drivers==AppleUsbKbDxe.efi "-**AppleUsbKbDxe.efi** Unless you are doing a legacy install, you don't need this"
 Drivers==VirtualSmc.efi "!**VirtualSmc.efi** was absorbed into Opencore under the quirk **AppleSmcIo**!"
 Drivers==* " **{$value}**"

:Input
 KeyForgetThreshold=5
 KeyMergeThreshold=2
 KeySupport=yes
 KeySupportMode=Auto
 KeySwap=no
 PointerSupport=no
 PointerSupportMode=""
 TimerResolution=50000

:Protocols
 AppleBootPolicy=no
 AppleEvent=no
 AppleImageConversion=no
 AppleKeyMap=no
 AppleSmcIo=no
 AppleUserInterfaceTheme=no
 ConsoleControl=no
 DataHub=no
 DeviceProperties=no
 FirmwareVolume=no
 HashServices=no
 OSInfo=no
 UnicodeCollation=no

:Quirks
 AvoidHighAlloc=no
 ExitBootServicesDelay=0
 IgnoreInvalidFlexRatio=yes
 IgnoreTextInGraphics=no
 ProvideConsoleGop=yes
 ReleaseUsbOwnership=no
 RequestBootVarFallback=yes
 RequestBootVarRouting=yes
 ReplaceTabWithSpace=no
 SanitiseClearScreen=yes
 ClearScreenOnModeSwitch=no
 UnblockFsConnect=no

